\BOOKMARK [0][]{chapter.1}{\376\377\0001\000\040\000W\000s\000t\001\031\000p}{}% 1
\BOOKMARK [1][]{section.1.1}{\376\377\0001\000.\0001\000\040\000W\000p\000r\000o\000w\000a\000d\000z\000e\000n\000i\000e}{chapter.1}% 2
\BOOKMARK [1][]{section.1.2}{\376\377\0001\000.\0002\000\040\000C\000e\000l\000\040\000p\000r\000o\000j\000e\000k\000t\000u}{chapter.1}% 3
\BOOKMARK [1][]{section.1.3}{\376\377\0001\000.\0003\000\040\000S\000t\000r\000u\000k\000t\000u\000r\000a\000\040\000p\000r\000a\000c\000y}{chapter.1}% 4
\BOOKMARK [0][]{chapter.2}{\376\377\0002\000\040\000T\000e\000c\000h\000n\000o\000l\000o\000g\000i\000e}{}% 5
\BOOKMARK [1][]{section.2.1}{\376\377\0002\000.\0001\000\040\000W\000p\000r\000o\000w\000a\000d\000z\000e\000n\000i\000e}{chapter.2}% 6
\BOOKMARK [1][]{section.2.2}{\376\377\0002\000.\0002\000\040\000T\000e\000c\000h\000n\000o\000l\000o\000g\000i\000e}{chapter.2}% 7
\BOOKMARK [2][]{subsection.2.2.1}{\376\377\0002\000.\0002\000.\0001\000\040\000F\000r\000a\000m\000e\000w\000o\000r\000k\000\040\000A\000n\000g\000u\000l\000a\000r}{section.2.2}% 8
\BOOKMARK [2][]{subsection.2.2.2}{\376\377\0002\000.\0002\000.\0002\000\040\000T\000y\000p\000e\000S\000c\000r\000i\000p\000t}{section.2.2}% 9
\BOOKMARK [2][]{subsection.2.2.3}{\376\377\0002\000.\0002\000.\0003\000\040\000L\000o\000d\000a\000s\000h}{section.2.2}% 10
\BOOKMARK [2][]{subsection.2.2.4}{\376\377\0002\000.\0002\000.\0004\000\040\000H\000T\000M\000L\0005}{section.2.2}% 11
\BOOKMARK [2][]{subsection.2.2.5}{\376\377\0002\000.\0002\000.\0005\000\040\000C\000S\000S\0003}{section.2.2}% 12
\BOOKMARK [2][]{subsection.2.2.6}{\376\377\0002\000.\0002\000.\0006\000\040\000B\000o\000o\000t\000s\000t\000r\000a\000p\000\040\0004}{section.2.2}% 13
\BOOKMARK [2][]{subsection.2.2.7}{\376\377\0002\000.\0002\000.\0007\000\040\000N\000o\000d\000e\000.\000j\000s}{section.2.2}% 14
\BOOKMARK [2][]{subsection.2.2.8}{\376\377\0002\000.\0002\000.\0008\000\040\000E\000x\000p\000r\000e\000s\000s\000.\000j\000s}{section.2.2}% 15
\BOOKMARK [2][]{subsection.2.2.9}{\376\377\0002\000.\0002\000.\0009\000\040\000K\000a\000r\000m\000a}{section.2.2}% 16
\BOOKMARK [2][]{subsection.2.2.10}{\376\377\0002\000.\0002\000.\0001\0000\000\040\000J\000a\000s\000m\000i\000n\000e}{section.2.2}% 17
\BOOKMARK [2][]{subsection.2.2.11}{\376\377\0002\000.\0002\000.\0001\0001\000\040\000A\000p\000a\000c\000h\000e\000\040\000C\000o\000r\000d\000o\000v\000a}{section.2.2}% 18
\BOOKMARK [2][]{subsection.2.2.12}{\376\377\0002\000.\0002\000.\0001\0002\000\040\000L\000a\000T\000e\000X}{section.2.2}% 19
\BOOKMARK [2][]{subsection.2.2.13}{\376\377\0002\000.\0002\000.\0001\0003\000\040\000P\000B\000K\000D\000F\0002}{section.2.2}% 20
\BOOKMARK [2][]{subsection.2.2.14}{\376\377\0002\000.\0002\000.\0001\0004\000\040\000A\000r\000g\000o\000n\0002}{section.2.2}% 21
\BOOKMARK [1][]{section.2.3}{\376\377\0002\000.\0003\000\040\000N\000a\000r\000z\001\031\000d\000z\000i\000a}{chapter.2}% 22
\BOOKMARK [2][]{subsection.2.3.1}{\376\377\0002\000.\0003\000.\0001\000\040\000V\000i\000s\000u\000a\000l\000\040\000S\000t\000u\000d\000i\000o\000\040\000C\000o\000d\000e\000\040\0001\000.\0002\0008}{section.2.3}% 23
\BOOKMARK [2][]{subsection.2.3.2}{\376\377\0002\000.\0003\000.\0002\000\040\000g\000i\000t\000h\000u\000b\000.\000c\000o\000m}{section.2.3}% 24
\BOOKMARK [2][]{subsection.2.3.3}{\376\377\0002\000.\0003\000.\0003\000\040\000A\000u\000t\000h\0000}{section.2.3}% 25
\BOOKMARK [2][]{subsection.2.3.4}{\376\377\0002\000.\0003\000.\0004\000\040\000T\000e\000x\000S\000t\000u\000d\000i\000o}{section.2.3}% 26
\BOOKMARK [0][]{chapter.3}{\376\377\0003\000\040\000N\000o\000d\000e\000.\000j\000s}{}% 27
\BOOKMARK [1][]{section.3.1}{\376\377\0003\000.\0001\000\040\000W\000p\000r\000o\000w\000a\000d\000z\000e\000n\000i\000e}{chapter.3}% 28
\BOOKMARK [1][]{section.3.2}{\376\377\0003\000.\0002\000\040\000I\000m\000p\000l\000e\000m\000e\000n\000t\000a\000c\000j\000a\000\040\000a\000p\000l\000i\000k\000a\000c\000j\000i\000\040\000s\000e\000r\000w\000e\000r\000o\000w\000e\000j}{chapter.3}% 29
\BOOKMARK [2][]{subsection.3.2.1}{\376\377\0003\000.\0002\000.\0001\000\040\000I\000n\000i\000c\000j\000a\000l\000i\000z\000a\000c\000j\000a\000\040\000s\000e\000r\000w\000e\000r\000a}{section.3.2}% 30
\BOOKMARK [2][]{subsection.3.2.2}{\376\377\0003\000.\0002\000.\0002\000\040\000I\000m\000p\000l\000e\000m\000e\000n\000t\000a\000c\000j\000a\000\040\000m\000o\000d\000u\001\102\000u\000\040\000r\000e\000j\000e\000s\000t\000r\000a\000c\000j\000i\000\040\000n\000o\000w\000e\000g\000o\000\040\000u\001\174\000y\000t\000k\000o\000w\000n\000i\000k\000a}{section.3.2}% 31
\BOOKMARK [2][]{subsection.3.2.3}{\376\377\0003\000.\0002\000.\0003\000\040\000I\000m\000p\000l\000e\000m\000e\000n\000t\000a\000c\000j\000a\000\040\000m\000o\000d\000u\001\102\000u\000\040\000l\000o\000g\000o\000w\000a\000n\000i\000a\000\040\000u\001\174\000y\000t\000k\000o\000w\000n\000i\000k\000a}{section.3.2}% 32
\BOOKMARK [2][]{subsection.3.2.4}{\376\377\0003\000.\0002\000.\0004\000\040\000I\000m\000p\000l\000e\000m\000e\000n\000t\000a\000c\000j\000a\000\040\000m\000o\000d\000u\001\102\000u\000\040\000w\000y\000l\000o\000g\000o\000w\000y\000w\000a\000n\000i\000a\000\040\000u\001\174\000y\000t\000k\000o\000w\000n\000i\000k\000a}{section.3.2}% 33
\BOOKMARK [2][]{subsection.3.2.5}{\376\377\0003\000.\0002\000.\0005\000\040\000I\000m\000p\000l\000e\000m\000e\000n\000t\000a\000c\000j\000a\000\040\000m\000e\000c\000h\000a\000n\000i\000z\000m\000\363\000w\000\040\000p\000o\000d\000t\000r\000z\000y\000m\000y\000w\000a\000n\000i\000a\000\040\000s\000e\000s\000j\000i\000\040\000u\001\174\000y\000t\000k\000o\000w\000n\000i\000k\000a}{section.3.2}% 34
\BOOKMARK [0][]{chapter.4}{\376\377\0004\000\040\000B\000a\000z\000a\000\040\000d\000a\000n\000y\000c\000h}{}% 35
\BOOKMARK [1][]{section.4.1}{\376\377\0004\000.\0001\000\040\000O\000p\000i\000s\000\040\000t\000a\000b\000e\000l\000i\000\040\000b\000a\000z\000y\000\040\000d\000a\000n\000y\000c\000h}{chapter.4}% 36
\BOOKMARK [2][]{subsection.4.1.1}{\376\377\0004\000.\0001\000.\0001\000\040\000P\000e\000r\000s\000o\000n}{section.4.1}% 37
\BOOKMARK [2][]{subsection.4.1.2}{\376\377\0004\000.\0001\000.\0002\000\040\000M\000e\000d\000i\000c\000a\000l\000\040\000D\000a\000t\000a}{section.4.1}% 38
\BOOKMARK [2][]{subsection.4.1.3}{\376\377\0004\000.\0001\000.\0003\000\040\000G\000l\000u\000c\000o\000m\000e\000t\000e\000r}{section.4.1}% 39
\BOOKMARK [2][]{subsection.4.1.4}{\376\377\0004\000.\0001\000.\0004\000\040\000M\000e\000d\000i\000c\000a\000l\000\040\000D\000a\000t\000a\000\040\000h\000a\000s\000\040\000T\000a\000b\000l\000e\000t\000s}{section.4.1}% 40
\BOOKMARK [2][]{subsection.4.1.5}{\376\377\0004\000.\0001\000.\0005\000\040\000T\000a\000b\000l\000e\000t\000s}{section.4.1}% 41
\BOOKMARK [2][]{subsection.4.1.6}{\376\377\0004\000.\0001\000.\0006\000\040\000M\000e\000d\000i\000c\000a\000l\000\040\000D\000a\000t\000a\000\040\000h\000a\000s\000\040\000I\000n\000s\000u\000l\000i\000n}{section.4.1}% 42
\BOOKMARK [2][]{subsection.4.1.7}{\376\377\0004\000.\0001\000.\0007\000\040\000D\000i\000a\000b\000e\000t\000e\000s\000\040\000T\000y\000p\000e}{section.4.1}% 43
\BOOKMARK [2][]{subsection.4.1.8}{\376\377\0004\000.\0001\000.\0008\000\040\000I\000n\000s\000u\000l\000i\000n}{section.4.1}% 44
\BOOKMARK [2][]{subsection.4.1.9}{\376\377\0004\000.\0001\000.\0009\000\040\000M\000e\000a\000s\000u\000r\000e\000m\000e\000n\000t}{section.4.1}% 45
\BOOKMARK [2][]{subsection.4.1.10}{\376\377\0004\000.\0001\000.\0001\0000\000\040\000M\000e\000a\000s\000u\000r\000e\000m\000e\000n\000t\000\040\000h\000a\000s\000\040\000I\000n\000s\000u\000l\000i\000n}{section.4.1}% 46
\BOOKMARK [2][]{subsection.4.1.11}{\376\377\0004\000.\0001\000.\0001\0001\000\040\000G\000l\000y\000c\000e\000m\000i\000a\000\040\000R\000a\000n\000g\000e\000s}{section.4.1}% 47
\BOOKMARK [2][]{subsection.4.1.12}{\376\377\0004\000.\0001\000.\0001\0002\000\040\000P\000r\000o\000d\000u\000c\000t\000s}{section.4.1}% 48
\BOOKMARK [1][]{section.4.2}{\376\377\0004\000.\0002\000\040\000M\000o\000d\000e\000l\000\040\000b\000a\000z\000y\000\040\000d\000a\000n\000y\000c\000h}{chapter.4}% 49
\BOOKMARK [0][]{chapter.5}{\376\377\0005\000\040\000P\000a\000n\000e\000l\000\040\000a\000d\000m\000i\000n\000i\000s\000t\000r\000a\000t\000o\000r\000a}{}% 50
\BOOKMARK [1][]{section.5.1}{\376\377\0005\000.\0001\000\040\000L\000o\000g\000o\000w\000a\000n\000i\000e\000\040\000d\000o\000\040\000p\000a\000n\000e\000l\000u\000\040\000a\000d\000m\000i\000n\000i\000s\000t\000r\000a\000t\000o\000r\000a}{chapter.5}% 51
\BOOKMARK [1][]{section.5.2}{\376\377\0005\000.\0002\000\040\000U\001\174\000y\000t\000k\000o\000w\000a\000n\000i\000e\000\040\000p\000a\000n\000e\000l\000u\000\040\000a\000d\000m\000i\000n\000i\000s\000t\000r\000a\000t\000o\000r\000a}{chapter.5}% 52
\BOOKMARK [0][]{chapter.6}{\376\377\0006\000\040\000P\000a\000n\000e\000l\000\040\000u\001\174\000y\000t\000k\000o\000w\000n\000i\000k\000a\000\040\000z\000a\000r\000e\000j\000e\000s\000t\000r\000o\000w\000a\000n\000e\000g\000o}{}% 53
\BOOKMARK [1][]{section.6.1}{\376\377\0006\000.\0001\000\040\000L\000o\000g\000o\000w\000a\000n\000i\000e\000\040\000d\000o\000\040\000p\000a\000n\000e\000l\000u\000\040\000u\001\174\000y\000t\000k\000o\000w\000n\000i\000k\000a}{chapter.6}% 54
\BOOKMARK [1][]{section.6.2}{\376\377\0006\000.\0002\000\040\000U\001\174\000y\000t\000k\000o\000w\000a\000n\000i\000e\000\040\000p\000a\000n\000e\000l\000u\000\040\000u\001\174\000y\000t\000k\000o\000w\000n\000i\000k\000a\000\040\000z\000a\000r\000e\000j\000e\000s\000t\000r\000o\000w\000a\000n\000e\000g\000o}{chapter.6}% 55
\BOOKMARK [2][]{subsection.6.2.1}{\376\377\0006\000.\0002\000.\0001\000\040\000T\000w\000o\000j\000a\000\040\000g\000l\000i\000k\000e\000m\000i\000a}{section.6.2}% 56
\BOOKMARK [2][]{subsection.6.2.2}{\376\377\0006\000.\0002\000.\0002\000\040\000D\000o\000d\000a\000j\000\040\000p\000o\000m\000i\000a\000r}{section.6.2}% 57
\BOOKMARK [2][]{subsection.6.2.3}{\376\377\0006\000.\0002\000.\0003\000\040\000K\000a\000l\000k\000u\000l\000a\000t\000o\000r\000y}{section.6.2}% 58
\BOOKMARK [2][]{subsection.6.2.4}{\376\377\0006\000.\0002\000.\0004\000\040\000T\000w\000\363\000j\000\040\000p\000r\000o\000f\000i\000l}{section.6.2}% 59
\BOOKMARK [2][]{subsection.6.2.5}{\376\377\0006\000.\0002\000.\0005\000\040\000U\000s\000t\000a\000w\000i\000e\000n\000i\000a\000\040\000p\000r\000o\000f\000i\000l\000u}{section.6.2}% 60
\BOOKMARK [0][]{chapter.7}{\376\377\0007\000\040\000P\000a\000n\000e\000l\000\040\000u\001\174\000y\000t\000k\000o\000w\000n\000i\000k\000a\000\040\000n\000i\000e\000z\000a\000r\000e\000j\000e\000s\000t\000r\000o\000w\000a\000n\000e\000g\000o\000\040\000o\000r\000a\000z\000\040\000n\000i\000e\000z\000a\000l\000o\000g\000o\000w\000a\000n\000e\000g\000o}{}% 61
\BOOKMARK [1][]{section.7.1}{\376\377\0007\000.\0001\000\040\000O\000k\000n\000o\000\040\000r\000e\000j\000e\000s\000t\000r\000a\000c\000j\000i\000\040\000u\001\174\000y\000t\000k\000o\000w\000n\000i\000k\000a}{chapter.7}% 62
\BOOKMARK [2][]{subsection.7.1.1}{\376\377\0007\000.\0001\000.\0001\000\040\000R\000e\000j\000e\000s\000t\000r\000a\000c\000j\000a\000\040\000p\000r\000z\000y\000\040\000u\001\174\000y\000c\000i\000u\000\040\000k\000o\000n\000t\000a\000\040\000G\000o\000o\000g\000l\000e}{section.7.1}% 63
\BOOKMARK [2][]{subsection.7.1.2}{\376\377\0007\000.\0001\000.\0002\000\040\000R\000e\000j\000e\000s\000t\000r\000a\000c\000j\000a\000\040\000t\000r\000a\000d\000y\000c\000y\000j\000n\000a\000\040\040\023\000\040\000p\000o\000d\000a\000n\000i\000e\000\040\000a\000d\000r\000e\000u\000\040\000e\000-\000m\000a\000i\000l\000\040\000o\000r\000a\000z\000\040\000h\000a\000s\001\102\000a}{section.7.1}% 64
\BOOKMARK [0][]{chapter.8}{\376\377\0008\000\040\000B\000e\000z\000p\000i\000e\000c\000z\000e\001\104\000s\000t\000w\000o\000\040\000a\000p\000l\000i\000k\000a\000c\000j\000i}{}% 65
\BOOKMARK [0][]{chapter.9}{\376\377\0009\000\040\000T\000e\000s\000t\000y}{}% 66
\BOOKMARK [1][]{section.9.1}{\376\377\0009\000.\0001\000\040\000D\000e\000b\000u\000g\000o\000w\000a\000n\000i\000e\000\040\000a\000p\000l\000i\000k\000a\000c\000j\000i\000\040\000i\000\040\000d\000o\000s\000t\001\031\000p\000\040\000d\000o\000\040\000i\000n\000f\000o\000r\000m\000a\000c\000j\000i\000\040\000o\000\040\000j\000e\000j\000\040\000d\000z\000i\000a\001\102\000a\000n\000i\000u}{chapter.9}% 67
\BOOKMARK [1][]{section.9.2}{\376\377\0009\000.\0002\000\040\000T\000e\000s\000t\000y\000\040\000f\000u\000n\000k\000c\000j\000o\000n\000a\000l\000n\000e\000\040\000a\000p\000l\000i\000k\000a\000c\000j\000i}{chapter.9}% 68
\BOOKMARK [0][]{chapter.10}{\376\377\0001\0000\000\040\000Z\000a\000k\000o\001\104\000c\000z\000e\000n\000i\000e}{}% 69
\BOOKMARK [0][]{chapter*.3}{\376\377\000L\000i\000t\000e\000r\000a\000t\000u\000r\000a}{}% 70
\BOOKMARK [0][]{appendix.A}{\376\377\000A\000\040\000Z\000a\001\102\001\005\000c\000z\000n\000i\000k\000i}{}% 71
