This is pdfTeX, Version 3.14159265-2.6-1.40.19 (TeX Live 2018) (preloaded format=pdflatex 2018.10.4)  8 NOV 2018 12:54
entering extended mode
 restricted \write18 enabled.
 %&-line parsing enabled.
**thesis-master-polski.tex
(./thesis-master-polski.tex
LaTeX2e <2018-04-01> patch level 2
Babel <3.18> and hyphenation patterns for 84 language(s) loaded.
(./ppfcmthesis.cls
Document Class: ppfcmthesis 2007/02/18 v0.94 PP FCM thesis class
(/usr/local/texlive/2018/texmf-dist/tex/latex/memoir/memoir.cls
Document Class: memoir 2018/04/04 v3.7g configurable book, report, article docu
ment class
\onelineskip=\skip41
\lxvchars=\skip42
\xlvchars=\skip43
\@memcnta=\count80
\c@@memmarkcntra=\count81
(/usr/local/texlive/2018/texmf-dist/tex/generic/oberdiek/ifpdf.sty
Package: ifpdf 2017/03/15 v3.2 Provides the ifpdf switch
)
(/usr/local/texlive/2018/texmf-dist/tex/latex/ifetex/ifetex.sty
Package: ifetex 2018/03/31 v1.2a ifetex

(/usr/local/texlive/2018/texmf-dist/tex/plain/ifetex/ifetex.tex))
(/usr/local/texlive/2018/texmf-dist/tex/generic/ifxetex/ifxetex.sty
Package: ifxetex 2010/09/12 v0.6 Provides ifxetex conditional
)
(/usr/local/texlive/2018/texmf-dist/tex/generic/oberdiek/ifluatex.sty
Package: ifluatex 2016/05/16 v1.4 Provides the ifluatex switch (HO)
Package ifluatex Info: LuaTeX not detected.
)
\stockheight=\skip44
\stockwidth=\skip45
\trimtop=\skip46
\trimedge=\skip47

(/usr/local/texlive/2018/texmf-dist/tex/latex/memoir/mem10.clo
File: mem10.clo 2008/01/30 v0.3 memoir class 10pt size option
)
\binding=\skip48
\spinemargin=\skip49
\foremargin=\skip50
\uppermargin=\skip51
\lowermargin=\skip52
\headdrop=\skip53
\normalrulethickness=\skip54
\mem@maxheadheight=\skip55
\mem@maxfootheight=\skip56
\headwidth=\skip57
\c@storedpagenumber=\count82
\memPD=\dimen102
\m@mabparskip=\skip58
\thanksmarkwidth=\skip59
\thanksmarksep=\skip60
\droptitle=\skip61
\c@book=\count83
\c@part=\count84
\c@chapter=\count85
\c@section=\count86
\c@subsection=\count87
\c@subsubsection=\count88
\c@paragraph=\count89
\c@subparagraph=\count90
\beforechapskip=\skip62
\midchapskip=\skip63
\afterchapskip=\skip64
\chapindent=\skip65
\bottomsectionskip=\skip66
\secindent=\skip67
\beforesecskip=\skip68
\aftersecskip=\skip69
\subsecindent=\skip70
\beforesubsecskip=\skip71
\aftersubsecskip=\skip72
\subsubsecindent=\skip73
\beforesubsubsecskip=\skip74
\aftersubsubsecskip=\skip75
\paraindent=\skip76
\beforeparaskip=\skip77
\afterparaskip=\skip78
\subparaindent=\skip79
\beforesubparaskip=\skip80
\aftersubparaskip=\skip81
\pfbreakskip=\skip82
\c@@ppsavesec=\count91
\c@@ppsaveapp=\count92
\ragrparindent=\dimen103
\everylistparindent=\dimen104
\parsepi=\skip83
\topsepi=\skip84
\itemsepi=\skip85
\parsepii=\skip86
\topsepii=\skip87
\topsepiii=\skip88
\itemsepii=\skip89
\itemsepiii=\skip90
\partopsepii=\skip91
\partopsepiii=\skip92
\m@msavetopsep=\skip93
\m@msavepartopsep=\skip94
\@enLab=\toks14
\abstitleskip=\skip95
\absleftindent=\skip96
\abs@leftindent=\dimen105
\absrightindent=\skip97
\absparindent=\skip98
\absparsep=\skip99
\c@vslineno=\count93
\c@poemline=\count94
\c@modulo@vs=\count95
\c@memfvsline=\count96
\vleftskip=\skip100
\vrightskip=\skip101
\stanzaskip=\skip102
\versewidth=\skip103
\vgap=\skip104
\vindent=\skip105
\vleftmargin=\dimen106
\c@verse=\count97
\c@chrsinstr=\count98
\beforepoemtitleskip=\skip106
\afterpoemtitleskip=\skip107
\c@poem=\count99
\beforePoemTitleskip=\skip108
\midPoemTitleskip=\skip109
\afterPoemTitleskip=\skip110
\col@sep=\dimen107
\extrarowheight=\dimen108
\NC@list=\toks15
\extratabsurround=\skip111
\backup@length=\skip112
\TX@col@width=\dimen109
\TX@old@table=\dimen110
\TX@old@col=\dimen111
\TX@target=\dimen112
\TX@delta=\dimen113
\TX@cols=\count100
\TX@ftn=\toks16
\heavyrulewidth=\dimen114
\lightrulewidth=\dimen115
\cmidrulewidth=\dimen116
\belowrulesep=\dimen117
\belowbottomsep=\dimen118
\aboverulesep=\dimen119
\abovetopsep=\dimen120
\cmidrulesep=\dimen121
\cmidrulekern=\dimen122
\defaultaddspace=\dimen123
\@cmidla=\count101
\@cmidlb=\count102
\@aboverulesep=\dimen124
\@belowrulesep=\dimen125
\@thisruleclass=\count103
\@lastruleclass=\count104
\@thisrulewidth=\dimen126
\ctableftskip=\skip113
\ctabrightskip=\skip114
\abovecolumnspenalty=\count105
\@linestogo=\count106
\@cellstogo=\count107
\@cellsincolumn=\count108
\crtok=\toks17
\@mincolumnwidth=\dimen127
\c@newflo@tctr=\count109
\mem@margin@floatbox=\box26
\@contcwidth=\skip115
\@contindw=\skip116
\abovecaptionskip=\skip117
\belowcaptionskip=\skip118
\subfloattopskip=\skip119
\subfloatcapskip=\skip120
\subfloatcaptopadj=\skip121
\subfloatbottomskip=\skip122
\subfloatlabelskip=\skip123
\subfloatcapmargin=\dimen128
\c@@contsubnum=\count110
\m@mscap@capbox=\box27
\m@mscap@fbox=\box28
\sidecapsep=\dimen129
\sidecapwidth=\dimen130
\m@m@tempdima=\dimen131
\m@mscapraise=\dimen132
\sidecapraise=\dimen133
\m@mscapmainwidth=\dimen134
\m@mscaplkern=\dimen135
\beforeepigraphskip=\skip124
\afterepigraphskip=\skip125
\epigraphwidth=\skip126
\epigraphrule=\skip127
LaTeX Info: Redefining \em on input line 7578.
LaTeX Info: Redefining \emph on input line 7586.
\tocentryskip=\skip128
\tocbaseline=\skip129
\cftparskip=\skip130
\cftbeforebookskip=\skip131
\cftbookindent=\dimen136
\cftbooknumwidth=\dimen137
\cftbeforepartskip=\skip132
\cftpartindent=\skip133
\cftpartnumwidth=\skip134
\cftbeforechapterskip=\skip135
\cftchapterindent=\skip136
\cftchapternumwidth=\skip137
\cftbeforesectionskip=\skip138
\cftsectionindent=\skip139
\cftsectionnumwidth=\skip140
\cftbeforesubsectionskip=\skip141
\cftsubsectionindent=\skip142
\cftsubsectionnumwidth=\skip143
\cftbeforesubsubsectionskip=\skip144
\cftsubsubsectionindent=\skip145
\cftsubsubsectionnumwidth=\skip146
\cftbeforeparagraphskip=\skip147
\cftparagraphindent=\skip148
\cftparagraphnumwidth=\skip149
\cftbeforesubparagraphskip=\skip150
\cftsubparagraphindent=\skip151
\cftsubparagraphnumwidth=\skip152
\prechapterprecisshift=\dimen138
\c@maxsecnumdepth=\count111
\bibindent=\dimen139
\bibitemsep=\skip153
\indexcolsep=\skip154
\indexrule=\skip155
\indexmarkstyle=\toks18
\@indexbox=\insert199
\glossarycolsep=\dimen140
\glossaryrule=\dimen141
\sideparvshift=\skip156
\sideins=\insert198
\sidebartopsep=\skip157
\sidebarhsep=\skip158
\sidebarvsep=\skip159
\sidebarwidth=\skip160
\footmarkwidth=\skip161
\footmarksep=\skip162
\footparindent=\skip163
\footinsdim=\skip164
\footinsv@r=\insert197
\@mpfootinsv@r=\insert196
\m@m@k=\count112
\m@m@h=\dimen142
\m@mipn@skip=\skip165
\sidefootins=\insert195
\sidefootadjust=\skip166
\sidefootheight=\skip167
\sidefoothsep=\skip168
\sidefootvsep=\skip169
\sidefootwidth=\skip170
\m@mdownsf=\skip171
\c@sidefootnote=\count113
\sidefootmarkwidth=\skip172
\sidefootmarksep=\skip173
\sidefootparindent=\skip174
\c@pagenote=\count114
\c@pagenoteshadow=\count115
\mem@pn@lastkern=\skip175
\every@verbatim=\toks19
\afterevery@verbatim=\toks20
\verbatim@line=\toks21
\tab@position=\count116
\verbatim@in@stream=\read1
\verbatimindent=\skip176
\verbatim@out=\write3
\bvboxsep=\skip177
\c@memfbvline=\count117
\c@bvlinectr=\count118
\bvnumlength=\skip178
\fb@frw=\dimen143
\fb@frh=\dimen144
\FrameRule=\dimen145
\FrameSep=\dimen146
\c@cp@cntr=\count119
LaTeX Info: Redefining \: on input line 12100.
LaTeX Info: Redefining \! on input line 12102.
\c@ism@mctr=\count120
\c@xsm@mctr=\count121
\c@csm@mctr=\count122
\c@ksm@mctr=\count123
\c@xksm@mctr=\count124
\c@cksm@mctr=\count125
\c@msm@mctr=\count126
\c@xmsm@mctr=\count127
\c@cmsm@mctr=\count128
\c@bsm@mctr=\count129
\c@workm@mctr=\count130
\c@sheetsequence=\count131
\c@lastsheet=\count132
\c@lastpage=\count133
\c@figure=\count134
\c@lofdepth=\count135
\cftbeforefigureskip=\skip179
\cftfigureindent=\skip180
\cftfigurenumwidth=\skip181
\c@table=\count136
\c@lotdepth=\count137
\cftbeforetableskip=\skip182
\cfttableindent=\skip183
\cfttablenumwidth=\skip184
Package abstract [2008/07/23] emulated by memoir.
Package appendix [2008/07/23] emulated by memoir.
Package array [2016/10/06] emulated by memoir.
Package booktabs [2016/05/16] emulated by memoir.
Package ccaption [2008/07/23] emulated by memoir.
Package changepage [2008/07/23] emulated by memoir.
Package chngcntr [2008/07/23] emulated by memoir.
Package chngpage [2008/07/23] emulated by memoir.
Package crop emulated by memoir.
Package dcolumn [2008/07/23] emulated by memoir.
Package delarray [2014/10/28] emulated by memoir.
Package enumerate [2008/07/23] emulated by memoir.
Package epigraph [2008/07/23] emulated by memoir.
Package ifmtarg [2008/07/23] emulated by memoir.
Package index [2008/07/23] emulated by memoir.
Package makeidx [2008/07/23] emulated by memoir.
Package moreverb [2008/07/23] emulated by memoir.
Package mparhack [2008/07/23] emulated by memoir.
Package needspace [2008/07/23] emulated by memoir.
Package newfile [2008/07/23] emulated by memoir.
Package nextpage [2008/07/23] emulated by memoir.
Package pagenote [2008/07/23] emulated by memoir.
Package parskip [2008/07/23] emulated by memoir.
Package patchcmd [2008/07/23] emulated by memoir.
Package setspace [2008/07/23] emulated by memoir.
Package shortvrb [2008/07/23] emulated by memoir.
Package showidx [2008/07/23] emulated by memoir.
Package tabularx [2016/02/03] emulated by memoir.
Package titleref [2008/07/23] emulated by memoir.
Package titling [2008/07/23] emulated by memoir.
Package tocbibind [2008/07/23] emulated by memoir.
Package tocloft [2008/07/23] emulated by memoir.
Package tocvsec2 [2008/07/23] emulated by memoir.
Package verbatim [2008/07/23] emulated by memoir.
Package verse [2008/07/23] emulated by memoir.
)
(/usr/local/texlive/2018/texmf-dist/tex/generic/babel/babel.sty
Package: babel 2018/02/14 3.18 The Babel package

(/usr/local/texlive/2018/texmf-dist/tex/generic/babel/switch.def
File: switch.def 2018/02/14 3.18 Babel switching mechanism
)
(/usr/local/texlive/2018/texmf-dist/tex/generic/babel-polish/polish.ldf
Language: polish 2005/03/31 v1.2l Polish support from the babel system

(/usr/local/texlive/2018/texmf-dist/tex/generic/babel/babel.def
File: babel.def 2018/02/14 3.18 Babel common definitions
\babel@savecnt=\count138
\U@D=\dimen147

(/usr/local/texlive/2018/texmf-dist/tex/generic/babel/txtbabel.def)
\bbl@dirlevel=\count139
)
Package babel Info: Making " an active character on input line 83.
\pl@left=\dimen148
\pl@down=\dimen149
\pl@right=\dimen150
\pl@temp=\dimen151
))
(/usr/local/texlive/2018/texmf-dist/tex/latex/tools/indentfirst.sty
Package: indentfirst 1995/11/23 v1.03 Indent first paragraph (DPC)
)
(/usr/local/texlive/2018/texmf-dist/tex/latex/graphics/graphicx.sty
Package: graphicx 2017/06/01 v1.1a Enhanced LaTeX Graphics (DPC,SPQR)

(/usr/local/texlive/2018/texmf-dist/tex/latex/graphics/keyval.sty
Package: keyval 2014/10/28 v1.15 key=value parser (DPC)
\KV@toks@=\toks22
)
(/usr/local/texlive/2018/texmf-dist/tex/latex/graphics/graphics.sty
Package: graphics 2017/06/25 v1.2c Standard LaTeX Graphics (DPC,SPQR)

(/usr/local/texlive/2018/texmf-dist/tex/latex/graphics/trig.sty
Package: trig 2016/01/03 v1.10 sin cos tan (DPC)
)
(/usr/local/texlive/2018/texmf-dist/tex/latex/graphics-cfg/graphics.cfg
File: graphics.cfg 2016/06/04 v1.11 sample graphics configuration
)
Package graphics Info: Driver file: pdftex.def on input line 99.

(/usr/local/texlive/2018/texmf-dist/tex/latex/graphics-def/pdftex.def
File: pdftex.def 2018/01/08 v1.0l Graphics/color driver for pdftex
))
\Gin@req@height=\dimen152
\Gin@req@width=\dimen153
)
(/usr/local/texlive/2018/texmf-dist/tex/latex/fancyvrb/fancyvrb.sty
Package: fancyvrb 2008/02/07

Style option: `fancyvrb' v2.7a, with DG/SPQR fixes, and firstline=lastline fix 
<2008/02/07> (tvz)
\FV@CodeLineNo=\count140
\FV@InFile=\read2
\FV@TabBox=\box29
\c@FancyVerbLine=\count141
\FV@StepNumber=\count142
\FV@OutFile=\write4
) (/usr/local/texlive/2018/texmf-dist/tex/latex/url/url.sty
\Urlmuskip=\muskip10
Package: url 2013/09/16  ver 3.4  Verb mode for urls, etc.
)
(/usr/local/texlive/2018/texmf-dist/tex/latex/hyperref/nameref.sty
Package: nameref 2016/05/21 v2.44 Cross-referencing by name of section

(/usr/local/texlive/2018/texmf-dist/tex/latex/oberdiek/refcount.sty
Package: refcount 2016/05/16 v3.5 Data extraction from label references (HO)

(/usr/local/texlive/2018/texmf-dist/tex/generic/oberdiek/ltxcmds.sty
Package: ltxcmds 2016/05/16 v1.23 LaTeX kernel commands for general use (HO)
)
(/usr/local/texlive/2018/texmf-dist/tex/generic/oberdiek/infwarerr.sty
Package: infwarerr 2016/05/16 v1.4 Providing info/warning/error messages (HO)
))
(/usr/local/texlive/2018/texmf-dist/tex/generic/oberdiek/gettitlestring.sty
Package: gettitlestring 2016/05/16 v1.5 Cleanup title references (HO)

(/usr/local/texlive/2018/texmf-dist/tex/latex/oberdiek/kvoptions.sty
Package: kvoptions 2016/05/16 v3.12 Key value format for package options (HO)

(/usr/local/texlive/2018/texmf-dist/tex/generic/oberdiek/kvsetkeys.sty
Package: kvsetkeys 2016/05/16 v1.17 Key value parser (HO)

(/usr/local/texlive/2018/texmf-dist/tex/generic/oberdiek/etexcmds.sty
Package: etexcmds 2016/05/16 v1.6 Avoid name clashes with e-TeX commands (HO)
Package etexcmds Info: Could not find \expanded.
(etexcmds)             That can mean that you are not using pdfTeX 1.50 or
(etexcmds)             that some package has redefined \expanded.
(etexcmds)             In the latter case, load this package earlier.
))))
\c@section@level=\count143
LaTeX Info: Redefining \ref on input line 355.
LaTeX Info: Redefining \pageref on input line 355.
)
(/usr/local/texlive/2018/texmf-dist/tex/latex/tools/varioref.sty
Package: varioref 2016/02/16 v1.5c package for extended references (FMi)
\c@vrcnt=\count144
)
(/usr/local/texlive/2018/texmf-dist/tex/latex/hyperref/hyperref.sty
Package: hyperref 2018/02/06 v6.86b Hypertext links for LaTeX

(/usr/local/texlive/2018/texmf-dist/tex/generic/oberdiek/hobsub-hyperref.sty
Package: hobsub-hyperref 2016/05/16 v1.14 Bundle oberdiek, subset hyperref (HO)


(/usr/local/texlive/2018/texmf-dist/tex/generic/oberdiek/hobsub-generic.sty
Package: hobsub-generic 2016/05/16 v1.14 Bundle oberdiek, subset generic (HO)
Package: hobsub 2016/05/16 v1.14 Construct package bundles (HO)
Package hobsub Info: Skipping package `infwarerr' (already loaded).
Package hobsub Info: Skipping package `ltxcmds' (already loaded).
Package hobsub Info: Skipping package `ifluatex' (already loaded).
Package: ifvtex 2016/05/16 v1.6 Detect VTeX and its facilities (HO)
Package ifvtex Info: VTeX not detected.
Package: intcalc 2016/05/16 v1.2 Expandable calculations with integers (HO)
Package hobsub Info: Skipping package `ifpdf' (already loaded).
Package hobsub Info: Skipping package `etexcmds' (already loaded).
Package hobsub Info: Skipping package `kvsetkeys' (already loaded).
Package: kvdefinekeys 2016/05/16 v1.4 Define keys (HO)
Package: pdftexcmds 2018/01/30 v0.27 Utility functions of pdfTeX for LuaTeX (HO
)
Package pdftexcmds Info: LuaTeX not detected.
Package pdftexcmds Info: \pdf@primitive is available.
Package pdftexcmds Info: \pdf@ifprimitive is available.
Package pdftexcmds Info: \pdfdraftmode found.
Package: pdfescape 2016/05/16 v1.14 Implements pdfTeX's escape features (HO)
Package: bigintcalc 2016/05/16 v1.4 Expandable calculations on big integers (HO
)
Package: bitset 2016/05/16 v1.2 Handle bit-vector datatype (HO)
Package: uniquecounter 2016/05/16 v1.3 Provide unlimited unique counter (HO)
)
Package hobsub Info: Skipping package `hobsub' (already loaded).
Package: letltxmacro 2016/05/16 v1.5 Let assignment for LaTeX macros (HO)
Package: hopatch 2016/05/16 v1.3 Wrapper for package hooks (HO)
Package: xcolor-patch 2016/05/16 xcolor patch
Package: atveryend 2016/05/16 v1.9 Hooks at the very end of document (HO)
Package atveryend Info: \enddocument detected (standard20110627).
Package: atbegshi 2016/06/09 v1.18 At begin shipout hook (HO)
Package hobsub Info: Skipping package `refcount' (already loaded).
Package: hycolor 2016/05/16 v1.8 Color options for hyperref/bookmark (HO)
)
(/usr/local/texlive/2018/texmf-dist/tex/latex/oberdiek/auxhook.sty
Package: auxhook 2016/05/16 v1.4 Hooks for auxiliary files (HO)
)
\@linkdim=\dimen154
\Hy@linkcounter=\count145
\Hy@pagecounter=\count146

(/usr/local/texlive/2018/texmf-dist/tex/latex/hyperref/pd1enc.def
File: pd1enc.def 2018/02/06 v6.86b Hyperref: PDFDocEncoding definition (HO)
Now handling font encoding PD1 ...
... no UTF-8 mapping file for font encoding PD1
)
\Hy@SavedSpaceFactor=\count147

(/usr/local/texlive/2018/texmf-dist/tex/latex/latexconfig/hyperref.cfg
File: hyperref.cfg 2002/06/06 v1.2 hyperref configuration of TeXLive
)
Package hyperref Info: Option `unicode' set `true' on input line 4383.

(/usr/local/texlive/2018/texmf-dist/tex/latex/hyperref/puenc.def
File: puenc.def 2018/02/06 v6.86b Hyperref: PDF Unicode definition (HO)
Now handling font encoding PU ...
... no UTF-8 mapping file for font encoding PU
)
Package hyperref Info: Option `linktocpage' set `true' on input line 4383.
Package hyperref Info: Option `bookmarks' set `true' on input line 4383.
Package hyperref Info: Hyper figures OFF on input line 4509.
Package hyperref Info: Link nesting OFF on input line 4514.
Package hyperref Info: Hyper index ON on input line 4517.
Package hyperref Info: Plain pages OFF on input line 4524.
Package hyperref Info: Backreferencing OFF on input line 4529.
Package hyperref Info: Implicit mode ON; LaTeX internals redefined.
Package hyperref Info: Bookmarks ON on input line 4762.
\c@Hy@tempcnt=\count148
LaTeX Info: Redefining \url on input line 5115.
\XeTeXLinkMargin=\dimen155
\Fld@menulength=\count149
\Field@Width=\dimen156
\Fld@charsize=\dimen157
Package hyperref Info: Hyper figures OFF on input line 6369.
Package hyperref Info: Link nesting OFF on input line 6374.
Package hyperref Info: Hyper index ON on input line 6377.
Package hyperref Info: backreferencing OFF on input line 6384.
Package hyperref Info: Link coloring OFF on input line 6389.
Package hyperref Info: Link coloring with OCG OFF on input line 6394.
Package hyperref Info: PDF/A mode OFF on input line 6399.
LaTeX Info: Redefining \ref on input line 6439.
LaTeX Info: Redefining \pageref on input line 6443.
\Hy@abspage=\count150
\c@Item=\count151
\c@Hfootnote=\count152
)
(/usr/local/texlive/2018/texmf-dist/tex/latex/memoir/memhfixc.sty
Package: memhfixc 2013/05/30 v1.17 nameref/hyperref package fixes for memoir cl
ass
\c@memhycontfloat=\count153
\c@Hpagenote=\count154
)
Package hyperref Info: Driver (autodetected): hpdftex.

(/usr/local/texlive/2018/texmf-dist/tex/latex/hyperref/hpdftex.def
File: hpdftex.def 2018/02/06 v6.86b Hyperref driver for pdfTeX
\Fld@listcount=\count155
\c@bookmark@seq@number=\count156

(/usr/local/texlive/2018/texmf-dist/tex/latex/oberdiek/rerunfilecheck.sty
Package: rerunfilecheck 2016/05/16 v1.8 Rerun checks for auxiliary files (HO)
Package uniquecounter Info: New unique counter `rerunfilecheck' on input line 2
82.
)
\Hy@SectionHShift=\skip185
)
Package hyperref Info: Option `pdffitwindow' set `true' on input line 88.
Package hyperref Info: Option `bookmarksnumbered' set `true' on input line 88.
Package hyperref Info: Option `bookmarksopen' set `true' on input line 88.
Package hyperref Info: Option `colorlinks' set `true' on input line 88.


Package hyperref Warning: Option `pagecolor' is not available anymore.


******************************************************
Stock height and width: 845.04684pt by 597.50787pt
Top and edge trims: 0pt and 0pt
Page height and width: 845.04684pt by 597.50787pt
Text height and width: 706pt by 426pt
Spine and edge margins: 99.58464pt and 71.13188pt
Upper and lower margins: 71.13188pt and 67.91496pt
Headheight and headsep: 12pt and 24pt
Footskip: 24pt
Columnsep and columnseprule: 10pt and 0pt
Marginparsep and marginparwidth: 6pt and 50pt
Sidecapsep and sidecapwidth: 7pt and 117pt
Sidebarhsep and sidebarwidth: 7pt and 117pt
Sidebarvsep and sidebartopsep: 12pt and 0pt
Sidebarheight: 596.39996pt
Sidefoothsep and sidefootwidth: 7pt and 117pt
Sidefootvsep and sidefootheight: 12pt and 596.39996pt
******************************************************

) (/usr/local/texlive/2018/texmf-dist/tex/latex/base/inputenc.sty
Package: inputenc 2018/04/06 v1.3b Input encoding file
\inpenc@prehook=\toks23
\inpenc@posthook=\toks24
)
(/usr/local/texlive/2018/texmf-dist/tex/latex/base/fontenc.sty
Package: fontenc 2017/04/05 v2.0i Standard LaTeX package

(/usr/local/texlive/2018/texmf-dist/tex/latex/base/ot4enc.def
File: ot4enc.def 2017/04/05 v2.0i Standard LaTeX file
Now handling font encoding OT4 ...
... no UTF-8 mapping file for font encoding OT4
)
LaTeX Font Info:    Try loading font information for OT4+cmr on input line 105.


(/usr/local/texlive/2018/texmf-dist/tex/latex/polski/ot4cmr.fd
File: ot4cmr.fd 2008/02/24 v1.2.1 Font defs for fonts PL (MW)
))
(/usr/local/texlive/2018/texmf-dist/tex/latex/listings/listings.sty
\lst@mode=\count157
\lst@gtempboxa=\box30
\lst@token=\toks25
\lst@length=\count158
\lst@currlwidth=\dimen158
\lst@column=\count159
\lst@pos=\count160
\lst@lostspace=\dimen159
\lst@width=\dimen160
\lst@newlines=\count161
\lst@lineno=\count162
\lst@maxwidth=\dimen161

(/usr/local/texlive/2018/texmf-dist/tex/latex/listings/lstmisc.sty
File: lstmisc.sty 2015/06/04 1.6 (Carsten Heinz)
\c@lstnumber=\count163
\lst@skipnumbers=\count164
\lst@framebox=\box31
)
(/usr/local/texlive/2018/texmf-dist/tex/latex/listings/listings.cfg
File: listings.cfg 2015/06/04 1.6 listings configuration
))
Package: listings 2015/06/04 1.6 (Carsten Heinz)

(./thesis-master-polski.aux

LaTeX Warning: Label `Rys:keyandpem' multiply defined.

)
\openout1 = `thesis-master-polski.aux'.

LaTeX Font Info:    Checking defaults for OML/cmm/m/it on input line 17.
LaTeX Font Info:    ... okay on input line 17.
LaTeX Font Info:    Checking defaults for T1/cmr/m/n on input line 17.
LaTeX Font Info:    ... okay on input line 17.
LaTeX Font Info:    Checking defaults for OT1/cmr/m/n on input line 17.
LaTeX Font Info:    ... okay on input line 17.
LaTeX Font Info:    Checking defaults for OMS/cmsy/m/n on input line 17.
LaTeX Font Info:    ... okay on input line 17.
LaTeX Font Info:    Checking defaults for OMX/cmex/m/n on input line 17.
LaTeX Font Info:    ... okay on input line 17.
LaTeX Font Info:    Checking defaults for U/cmr/m/n on input line 17.
LaTeX Font Info:    ... okay on input line 17.
LaTeX Font Info:    Checking defaults for PD1/pdf/m/n on input line 17.
LaTeX Font Info:    ... okay on input line 17.
LaTeX Font Info:    Checking defaults for PU/pdf/m/n on input line 17.
LaTeX Font Info:    ... okay on input line 17.
LaTeX Font Info:    Checking defaults for OT4/cmr/m/n on input line 17.
LaTeX Font Info:    ... okay on input line 17.
 (/usr/local/texlive/2018/texmf-dist/tex/context/base/mkii/supp-pdf.mkii
[Loading MPS to PDF converter (version 2006.09.02).]
\scratchcounter=\count165
\scratchdimen=\dimen162
\scratchbox=\box32
\nofMPsegments=\count166
\nofMParguments=\count167
\everyMPshowfont=\toks26
\MPscratchCnt=\count168
\MPscratchDim=\dimen163
\MPnumerator=\count169
\makeMPintoPDFobject=\count170
\everyMPtoPDFconversion=\toks27
) (/usr/local/texlive/2018/texmf-dist/tex/latex/oberdiek/epstopdf-base.sty
Package: epstopdf-base 2016/05/15 v2.6 Base part for package epstopdf

(/usr/local/texlive/2018/texmf-dist/tex/latex/oberdiek/grfext.sty
Package: grfext 2016/05/16 v1.2 Manage graphics extensions (HO)
)
Package epstopdf-base Info: Redefining graphics rule for `.eps' on input line 4
38.
Package grfext Info: Graphics extension search list:
(grfext)             [.pdf,.png,.jpg,.eps]
(grfext)             \AppendGraphicsExtensions on input line 456.

(/usr/local/texlive/2018/texmf-dist/tex/latex/latexconfig/epstopdf-sys.cfg
File: epstopdf-sys.cfg 2010/07/13 v1.3 Configuration of (r)epstopdf for TeX Liv
e
))
LaTeX Info: Redefining \Ref on input line 17.
\AtBeginShipoutBox=\box33

(/usr/local/texlive/2018/texmf-dist/tex/latex/graphics/color.sty
Package: color 2016/07/10 v1.1e Standard LaTeX Color (DPC)

(/usr/local/texlive/2018/texmf-dist/tex/latex/graphics-cfg/color.cfg
File: color.cfg 2016/01/02 v1.6 sample color configuration
)
Package color Info: Driver file: pdftex.def on input line 147.
)
Package hyperref Info: Link coloring ON on input line 17.
LaTeX Info: Redefining \ref on input line 17.
LaTeX Info: Redefining \pageref on input line 17.
LaTeX Info: Redefining \nameref on input line 17.

(./thesis-master-polski.out) (./thesis-master-polski.out)
\@outlinefile=\write5
\openout5 = `thesis-master-polski.out'.

LaTeX Info: Redefining \Ref on input line 17.
\c@lstlisting=\count171
LaTeX Font Info:    External font `cmex10' loaded for size
(Font)              <10.95> on input line 21.
LaTeX Font Info:    External font `cmex10' loaded for size
(Font)              <8> on input line 21.
LaTeX Font Info:    External font `cmex10' loaded for size
(Font)              <6> on input line 21.
 [1


{/usr/local/texlive/2018/texmf-var/fonts/map/pdftex/updmap/pdftex.map}] [2

]
<images/karta_pracy.jpg, id=352, 845.0772pt x 597.432pt>
File: images/karta_pracy.jpg Graphic file (type jpg)
<use images/karta_pracy.jpg>
Package pdftex.def Info: images/karta_pracy.jpg  used on input line 27.
(pdftex.def)             Requested size: 845.07513pt x 597.43054pt.

Overfull \hbox (10.12173pt too wide) in paragraph at lines 27--28
 [][] 
 []

[3 <./images/karta_pracy.jpg>] [4

] (./streszczenie.tex) [5] [6

]
(./thesis-master-polski.toc
LaTeX Font Info:    External font `cmex10' loaded for size
(Font)              <7> on input line 3.
LaTeX Font Info:    External font `cmex10' loaded for size
(Font)              <5> on input line 3.
 [1]) [2] (./01-wstep.tex [1



]) (./02-teoria.tex
[2]
LaTeX Font Info:    Try loading font information for OT4+cmtt on input line 16.

 (/usr/local/texlive/2018/texmf-dist/tex/latex/polski/ot4cmtt.fd
File: ot4cmtt.fd 2008/02/24 v1.2.1 Font defs for fonts PL (MW)
) [3

]
[4] [5]) (./03-nodejs.tex [6]
<images/nodejs.png, id=502, 588.1975pt x 465.74pt>
File: images/nodejs.png Graphic file (type png)
<use images/nodejs.png>
Package pdftex.def Info: images/nodejs.png  used on input line 7.
(pdftex.def)             Requested size: 294.09802pt x 232.86943pt.
 [7

 <./images/nodejs.png>]
<images/nodejs/server-running.png, id=511, 567.11874pt x 104.39pt>
File: images/nodejs/server-running.png Graphic file (type png)
<use images/nodejs/server-running.png>
Package pdftex.def Info: images/nodejs/server-running.png  used on input line 4
9.
(pdftex.def)             Requested size: 431.00607pt x 79.33562pt.

Overfull \hbox (5.00607pt too wide) in paragraph at lines 49--50
 [][] 
 []

LaTeX Font Info:    Try loading font information for OMS+cmr on input line 57.
(/usr/local/texlive/2018/texmf-dist/tex/latex/base/omscmr.fd
File: omscmr.fd 2014/09/29 v2.5h Standard LaTeX font definitions
)
LaTeX Font Info:    Font shape `OMS/cmr/m/n' in size <10> not available
(Font)              Font shape `OMS/cmsy/m/n' tried instead on input line 57.
 [8 <./images/nodejs/server-running.png>]
Overfull \hbox (31.1901pt too wide) in paragraph at lines 99--100
\OT4/cmr/m/n/10 kow-nika ser-wer od-po-wiada ko-mu-ni-ka-tem 400 \OT4/cmr/m/it/
10 Bad re-qu-est\OT4/cmr/m/n/10 . Wy-ko-rzy-stano me-tod¦ \OT4/cmtt/m/n/10 res.
status(httpCode)\OT4/cmr/m/n/10 ,
 []

[9]) (./04-aspekty-bezpieczenstwa.tex [10] [11

]
<images/security/key_and_certificate.png, id=534, 662.475pt x 372.39125pt>
File: images/security/key_and_certificate.png Graphic file (type png)
<use images/security/key_and_certificate.png>
Package pdftex.def Info: images/security/key_and_certificate.png  used on input
 line 21.
(pdftex.def)             Requested size: 397.48807pt x 223.43646pt.
<images/security/how-https-works.png, id=535, 553.06625pt x 178.6675pt>
File: images/security/how-https-works.png Graphic file (type png)
<use images/security/how-https-works.png>
Package pdftex.def Info: images/security/how-https-works.png  used on input lin
e 29.
(pdftex.def)             Requested size: 331.8423pt x 107.20131pt.
 [12 <./images/security/key_and_certificate.png> <./images/security/how-https-w
orks.png>]
<images/security/password-bad-validation.png, id=544, 1078.0275pt x 708.6475pt>

File: images/security/password-bad-validation.png Graphic file (type png)
<use images/security/password-bad-validation.png>
Package pdftex.def Info: images/security/password-bad-validation.png  used on i
nput line 61.
(pdftex.def)             Requested size: 431.20335pt x 283.45398pt.

Overfull \hbox (5.20335pt too wide) in paragraph at lines 61--62
 [][] 
 []

[13 <./images/security/password-bad-validation.png>]
<images/security/argon2.png, id=552, 565.11125pt x 102.3825pt>
File: images/security/argon2.png Graphic file (type png)
<use images/security/argon2.png>
Package pdftex.def Info: images/security/argon2.png  used on input line 89.
(pdftex.def)             Requested size: 423.8324pt x 76.78668pt.
<images/security/argon2id.png, id=553, 567.11874pt x 108.405pt>
File: images/security/argon2id.png Graphic file (type png)
<use images/security/argon2id.png>
Package pdftex.def Info: images/security/argon2id.png  used on input line 105.
(pdftex.def)             Requested size: 413.99324pt x 79.13498pt.


LaTeX Warning: `h' float specifier changed to `ht'.

<images/security/argon-matching-failed.png, id=555, 566.115pt x 114.4275pt>
File: images/security/argon-matching-failed.png Graphic file (type png)
<use images/security/argon-matching-failed.png>
Package pdftex.def Info: images/security/argon-matching-failed.png  used on inp
ut line 113.
(pdftex.def)             Requested size: 413.26051pt x 83.53137pt.

LaTeX Warning: `h' float specifier changed to `ht'.

) (./04-model-bazy-danych.tex [14 <./images/security/argon2.png>] [15 <./images
/security/argon2id.png> <./images/security/argon-matching-failed.png>] [16

]
[17] [18] [19]
<images/dialog_eer.png, id=589, 921.4425pt x 1189.44376pt>
File: images/dialog_eer.png Graphic file (type png)
<use images/dialog_eer.png>
Package pdftex.def Info: images/dialog_eer.png  used on input line 136.
(pdftex.def)             Requested size: 460.72012pt x 594.72043pt.

Overfull \hbox (34.72012pt too wide) in paragraph at lines 136--137
 [][] 
 []

[20]) (./05-panel-administratora.tex [21] [22 <./images/dialog_eer.png>]
<images/logowanie_google.jpg, id=604, 1433.355pt x 710.655pt>
File: images/logowanie_google.jpg Graphic file (type jpg)
<use images/logowanie_google.jpg>
Package pdftex.def Info: images/logowanie_google.jpg  used on input line 7.
(pdftex.def)             Requested size: 430.00983pt x 213.19814pt.

Overfull \hbox (4.00983pt too wide) in paragraph at lines 7--8
 [][] 
 []

[23

 <./images/logowanie_google.jpg>]
<images/ekran_admin.jpg, id=613, 1427.3325pt x 725.71124pt>
File: images/ekran_admin.jpg Graphic file (type jpg)
<use images/ekran_admin.jpg>
Package pdftex.def Info: images/ekran_admin.jpg  used on input line 17.
(pdftex.def)             Requested size: 428.20305pt x 217.71504pt.

Overfull \hbox (2.20305pt too wide) in paragraph at lines 17--18
 [][] 
 []

<images/panel_admin.jpg, id=615, 1440.13031pt x 726.46407pt>
File: images/panel_admin.jpg Graphic file (type jpg)
<use images/panel_admin.jpg>
Package pdftex.def Info: images/panel_admin.jpg  used on input line 27.
(pdftex.def)             Requested size: 432.04243pt x 217.9409pt.

Overfull \hbox (6.04243pt too wide) in paragraph at lines 27--28
 [][] 
 []

[24 <./images/ekran_admin.jpg> <./images/panel_admin.jpg>])
(./06-panel-register.tex [25] [26

]
File: images/logowanie_google.jpg Graphic file (type jpg)
<use images/logowanie_google.jpg>
Package pdftex.def Info: images/logowanie_google.jpg  used on input line 7.
(pdftex.def)             Requested size: 430.00983pt x 213.19814pt.

Overfull \hbox (4.00983pt too wide) in paragraph at lines 7--8
 [][] 
 []

<images/ekran_logged.jpg, id=639, 1434.86063pt x 730.22812pt>
File: images/ekran_logged.jpg Graphic file (type jpg)
<use images/ekran_logged.jpg>
Package pdftex.def Info: images/ekran_logged.jpg  used on input line 15.
(pdftex.def)             Requested size: 430.46152pt x 219.07011pt.

Overfull \hbox (4.46152pt too wide) in paragraph at lines 15--16
 [][] 
 []


LaTeX Warning: `h' float specifier changed to `ht'.

<images/first_page.jpg, id=641, 1428.08531pt x 728.7225pt>
File: images/first_page.jpg Graphic file (type jpg)
<use images/first_page.jpg>
Package pdftex.def Info: images/first_page.jpg  used on input line 24.
(pdftex.def)             Requested size: 428.42891pt x 218.61844pt.

Overfull \hbox (2.42891pt too wide) in paragraph at lines 24--25
 [][] 
 []


LaTeX Warning: `h' float specifier changed to `ht'.

[27] [28 <./images/ekran_logged.jpg> <./images/first_page.jpg>]
<images/bar_charts.jpg, id=653, 1207.51125pt x 434.37282pt>
File: images/bar_charts.jpg Graphic file (type jpg)
<use images/bar_charts.jpg>
Package pdftex.def Info: images/bar_charts.jpg  used on input line 58.
(pdftex.def)             Requested size: 422.63527pt x 152.03276pt.
<images/normal_chart.jpg, id=654, 1205.2528pt x 511.15968pt>
File: images/normal_chart.jpg Graphic file (type jpg)
<use images/normal_chart.jpg>
Package pdftex.def Info: images/normal_chart.jpg  used on input line 66.
(pdftex.def)             Requested size: 421.8448pt x 178.90855pt.
 [29 <./images/bar_charts.jpg> <./images/normal_chart.jpg>]
<images/table.jpg, id=662, 855.195pt x 195.73125pt>
File: images/table.jpg Graphic file (type jpg)
<use images/table.jpg>
Package pdftex.def Info: images/table.jpg  used on input line 85.
(pdftex.def)             Requested size: 427.59647pt x 97.86537pt.

Overfull \hbox (1.59647pt too wide) in paragraph at lines 85--86
 [][] 
 []

[30 <./images/table.jpg>]
<images/measurement.jpg, id=669, 478.03593pt x 459.96844pt>
File: images/measurement.jpg Graphic file (type jpg)
<use images/measurement.jpg>
Package pdftex.def Info: images/measurement.jpg  used on input line 106.
(pdftex.def)             Requested size: 239.01738pt x 229.98366pt.
<images/bmi_before.jpg, id=672, 855.94781pt x 199.49532pt>
File: images/bmi_before.jpg Graphic file (type jpg)
<use images/bmi_before.jpg>
Package pdftex.def Info: images/bmi_before.jpg  used on input line 126.
(pdftex.def)             Requested size: 427.97285pt x 99.7474pt.

Overfull \hbox (1.97285pt too wide) in paragraph at lines 126--127
 [][] 
 []


LaTeX Warning: `h' float specifier changed to `ht'.

<images/bmi_after.jpg, id=673, 858.95906pt x 255.20343pt>
File: images/bmi_after.jpg Graphic file (type jpg)
<use images/bmi_after.jpg>
Package pdftex.def Info: images/bmi_after.jpg  used on input line 132.
(pdftex.def)             Requested size: 429.47849pt x 127.6014pt.

Overfull \hbox (3.47849pt too wide) in paragraph at lines 132--133
 [][] 
 []


LaTeX Warning: `h' float specifier changed to `ht'.

[31 <./images/measurement.jpg>]
<images/ww_before.jpg, id=683, 877.77937pt x 291.33844pt>
File: images/ww_before.jpg Graphic file (type jpg)
<use images/ww_before.jpg>
Package pdftex.def Info: images/ww_before.jpg  used on input line 142.
(pdftex.def)             Requested size: 438.88861pt x 145.66885pt.

Overfull \hbox (12.88861pt too wide) in paragraph at lines 142--143
 [][] 
 []


LaTeX Warning: `h' float specifier changed to `ht'.

<images/ww_after.jpg, id=684, 875.52094pt x 349.305pt>
File: images/ww_after.jpg Graphic file (type jpg)
<use images/ww_after.jpg>
Package pdftex.def Info: images/ww_after.jpg  used on input line 148.
(pdftex.def)             Requested size: 437.7594pt x 174.65207pt.

Overfull \hbox (11.7594pt too wide) in paragraph at lines 148--149
 [][] 
 []


LaTeX Warning: `h' float specifier changed to `ht'.

[32 <./images/bmi_before.jpg> <./images/bmi_after.jpg>]
<images/add_product.jpg, id=692, 849.92531pt x 399.74344pt>
File: images/add_product.jpg Graphic file (type jpg)
<use images/add_product.jpg>
Package pdftex.def Info: images/add_product.jpg  used on input line 158.
(pdftex.def)             Requested size: 424.96161pt x 199.87122pt.


LaTeX Warning: `h' float specifier changed to `ht'.

[33 <./images/ww_before.jpg> <./images/ww_after.jpg>]
<images/yourprofile.jpg, id=703, 845.40843pt x 571.38469pt>
File: images/yourprofile.jpg Graphic file (type jpg)
<use images/yourprofile.jpg>
Package pdftex.def Info: images/yourprofile.jpg  used on input line 211.
(pdftex.def)             Requested size: 422.70317pt x 285.69164pt.


LaTeX Warning: `h' float specifier changed to `ht'.

[34 <./images/add_product.jpg>]
<images/medical_data.jpg, id=708, 849.1725pt x 469.755pt>
File: images/medical_data.jpg Graphic file (type jpg)
<use images/medical_data.jpg>
Package pdftex.def Info: images/medical_data.jpg  used on input line 219.
(pdftex.def)             Requested size: 424.5852pt x 234.87692pt.
 [35 <./images/yourprofile.jpg> <./images/medical_data.jpg>]
<images/profile_settings.jpg, id=716, 874.01532pt x 216.05719pt>
File: images/profile_settings.jpg Graphic file (type jpg)
<use images/profile_settings.jpg>
Package pdftex.def Info: images/profile_settings.jpg  used on input line 234.
(pdftex.def)             Requested size: 437.00659pt x 108.02832pt.

Overfull \hbox (11.00659pt too wide) in paragraph at lines 234--235
 [][] 
 []

) (./07-panel-unregistered.tex [36 <./images/profile_settings.jpg>] [37

]
<images/register.jpg, id=730, 1429.59094pt x 727.96968pt>
File: images/register.jpg Graphic file (type jpg)
<use images/register.jpg>
Package pdftex.def Info: images/register.jpg  used on input line 23.
(pdftex.def)             Requested size: 428.8806pt x 218.3926pt.

Overfull \hbox (2.8806pt too wide) in paragraph at lines 23--24
 [][] 
 []

<images/google_account.jpg, id=731, 1445.4pt x 727.21687pt>
File: images/google_account.jpg Graphic file (type jpg)
<use images/google_account.jpg>
Package pdftex.def Info: images/google_account.jpg  used on input line 29.
(pdftex.def)             Requested size: 433.62335pt x 218.16673pt.

Overfull \hbox (7.62335pt too wide) in paragraph at lines 29--30
 [][] 
 []

[38 <./images/register.jpg> <./images/google_account.jpg>]
<images/normal_registration.jpg, id=740, 1429.59094pt x 729.47531pt>
File: images/normal_registration.jpg Graphic file (type jpg)
<use images/normal_registration.jpg>
Package pdftex.def Info: images/normal_registration.jpg  used on input line 40.

(pdftex.def)             Requested size: 428.8806pt x 218.84427pt.

Overfull \hbox (2.8806pt too wide) in paragraph at lines 40--41
 [][] 
 []

<images/email_verify.jpg, id=741, 1425.82687pt x 729.47531pt>
File: images/email_verify.jpg Graphic file (type jpg)
<use images/email_verify.jpg>
Package pdftex.def Info: images/email_verify.jpg  used on input line 46.
(pdftex.def)             Requested size: 427.75137pt x 218.84427pt.

Overfull \hbox (1.75137pt too wide) in paragraph at lines 46--47
 [][] 
 []

[39 <./images/normal_registration.jpg> <./images/email_verify.jpg>]
<images/email_module.jpg, id=747, 1429.59094pt x 663.98062pt>
File: images/email_module.jpg Graphic file (type jpg)
<use images/email_module.jpg>
Package pdftex.def Info: images/email_module.jpg  used on input line 64.
(pdftex.def)             Requested size: 428.8806pt x 199.19571pt.

Overfull \hbox (2.8806pt too wide) in paragraph at lines 64--65
 [][] 
 []

) (./08-bezpieczenstwo.tex [40 <./images/email_module.jpg>] [41

]
<images/no_access.jpg, id=760, 1438.6247pt x 725.71124pt>
File: images/no_access.jpg Graphic file (type jpg)
<use images/no_access.jpg>
Package pdftex.def Info: images/no_access.jpg  used on input line 20.
(pdftex.def)             Requested size: 431.59074pt x 217.71504pt.

Overfull \hbox (5.59074pt too wide) in paragraph at lines 20--21
 [][] 
 []

<images/no_admin_access.jpg, id=762, 1442.38875pt x 729.47531pt>
File: images/no_admin_access.jpg Graphic file (type jpg)
<use images/no_admin_access.jpg>
Package pdftex.def Info: images/no_admin_access.jpg  used on input line 30.
(pdftex.def)             Requested size: 432.71997pt x 218.84427pt.

Overfull \hbox (6.71997pt too wide) in paragraph at lines 30--31
 [][] 
 []

) (./09-testowanie.tex [42 <./images/no_access.jpg> <./images/no_admin_access.j
pg>]
<images/sources.jpg, id=769, 1428.83812pt x 711.4078pt>
File: images/sources.jpg Graphic file (type jpg)
<use images/sources.jpg>
Package pdftex.def Info: images/sources.jpg  used on input line 7.
(pdftex.def)             Requested size: 428.65474pt x 213.42398pt.

Overfull \hbox (2.65474pt too wide) in paragraph at lines 7--8
 [][] 
 []

<images/network.jpg, id=771, 1428.83812pt x 709.14937pt>
File: images/network.jpg Graphic file (type jpg)
<use images/network.jpg>
Package pdftex.def Info: images/network.jpg  used on input line 16.
(pdftex.def)             Requested size: 428.65474pt x 212.74644pt.

Overfull \hbox (2.65474pt too wide) in paragraph at lines 16--17
 [][] 
 []


LaTeX Warning: `h' float specifier changed to `ht'.

[43

 <./images/sources.jpg>]
<images/console.jpg, id=779, 1431.84938pt x 712.91344pt>
File: images/console.jpg Graphic file (type jpg)
<use images/console.jpg>
Package pdftex.def Info: images/console.jpg  used on input line 27.
(pdftex.def)             Requested size: 429.55812pt x 213.87567pt.

Overfull \hbox (3.55812pt too wide) in paragraph at lines 27--28
 [][] 
 []

[44 <./images/network.jpg> <./images/console.jpg>]
<images/postman.JPG, id=788, 1445.4pt x 782.925pt>
File: images/postman.JPG Graphic file (type jpg)
<use images/postman.JPG>
Package pdftex.def Info: images/postman.JPG  used on input line 41.
(pdftex.def)             Requested size: 433.62335pt x 234.8793pt.

Overfull \hbox (7.62335pt too wide) in paragraph at lines 41--42
 [][] 
 []

[45 <./images/postman.JPG>]
<images/postman2.JPG, id=796, 1445.4pt x 782.925pt>
File: images/postman2.JPG Graphic file (type jpg)
<use images/postman2.JPG>
Package pdftex.def Info: images/postman2.JPG  used on input line 53.
(pdftex.def)             Requested size: 433.62335pt x 234.8793pt.

Overfull \hbox (7.62335pt too wide) in paragraph at lines 53--54
 [][] 
 []

<images/form.JPG, id=799, 1150.2975pt x 706.13812pt>
File: images/form.JPG Graphic file (type jpg)
<use images/form.JPG>
Package pdftex.def Info: images/form.JPG  used on input line 61.
(pdftex.def)             Requested size: 402.61017pt x 247.15204pt.
) (./10-zakonczenie.tex [46 <./images/postman2.JPG> <./images/form.JPG>])
(./thesis-master-polski.bbl [47

] [48

]
bibitemlist
LaTeX Font Info:    External font `cmex10' loaded for size
(Font)              <9> on input line 5.
) [49] [50

] (./zalacznik.tex) [51

]
\tf@toc=\write6
\openout6 = `thesis-master-polski.toc'.

Package atveryend Info: Empty hook `BeforeClearDocument' on input line 61.
Package atveryend Info: Empty hook `AfterLastShipout' on input line 61.
 (./thesis-master-polski.aux)
Package atveryend Info: Executing hook `AtVeryEndDocument' on input line 61.
Package atveryend Info: Executing hook `AtEndAfterFileList' on input line 61.
Package rerunfilecheck Info: File `thesis-master-polski.out' has not changed.
(rerunfilecheck)             Checksum: 499EF8E6E3ACB77E629DC3BCD0705152;17581.


LaTeX Warning: There were multiply-defined labels.

Package atveryend Info: Empty hook `AtVeryVeryEnd' on input line 61.
 ) 
Here is how much of TeX's memory you used:
 14951 strings out of 492649
 212096 string characters out of 6129622
 327806 words of memory out of 5000000
 18423 multiletter control sequences out of 15000+600000
 15800 words of font info for 44 fonts, out of 8000000 for 9000
 1141 hyphenation exceptions out of 8191
 52i,12n,33p,1701b,482s stack positions out of 5000i,500n,10000p,200000b,80000s
{/usr/local/texlive/2018/texmf-dist/fonts/enc/dvips/pl/pltt.enc}{/usr/local/t
exlive/2018/texmf-dist/fonts/enc/dvips/pl/plrm.enc}{/usr/local/texlive/2018/tex
mf-dist/fonts/enc/dvips/pl/plit.enc}{/usr/local/texlive/2018/texmf-dist/fonts/e
nc/dvips/pl/plitt.enc}</usr/local/texlive/2018/texmf-dist/fonts/type1/public/am
sfonts/cm/cmsy10.pfb></usr/local/texlive/2018/texmf-dist/fonts/type1/public/pl/
plbx10.pfb></usr/local/texlive/2018/texmf-dist/fonts/type1/public/pl/plbx12.pfb
></usr/local/texlive/2018/texmf-dist/fonts/type1/public/pl/plbxti10.pfb></usr/l
ocal/texlive/2018/texmf-dist/fonts/type1/public/pl/plitt10.pfb></usr/local/texl
ive/2018/texmf-dist/fonts/type1/public/pl/plr10.pfb></usr/local/texlive/2018/te
xmf-dist/fonts/type1/public/pl/plr9.pfb></usr/local/texlive/2018/texmf-dist/fon
ts/type1/public/pl/plti10.pfb></usr/local/texlive/2018/texmf-dist/fonts/type1/p
ublic/pl/plti9.pfb></usr/local/texlive/2018/texmf-dist/fonts/type1/public/pl/pl
tt10.pfb></usr/local/texlive/2018/texmf-dist/fonts/type1/public/pl/pltt9.pfb>
Output written on thesis-master-polski.pdf (59 pages, 4025861 bytes).
PDF statistics:
 920 PDF objects out of 1000 (max. 8388607)
 792 compressed objects within 8 object streams
 199 named destinations out of 1000 (max. 500000)
 873 words of extra memory for PDF output out of 10000 (max. 10000000)

